2025-05-11 00:00:13,570 [INFO] LogOutputStream:77 - [STDOUT_REDIRECT] 
2025-05-11 00:00:22,449 [INFO] ApplicationProperties:184 - Using Application install path: C:\ST\STM32CubeIDE_1.18.0\STM32CubeIDE\plugins\com.st.stm32cube.common.mx_6.14.0.202502271554
2025-05-11 00:00:22,576 [INFO] DbMcusXml:78 - Set database path to: C:\ST\STM32CubeIDE_1.18.0\STM32CubeIDE\plugins\com.st.stm32cube.common.mx_6.14.0.202502271554\\db\/mcu/
2025-05-11 00:00:22,577 [INFO] ApiDb:274 - Set plugin database path to: C:\ST\STM32CubeIDE_1.18.0\STM32CubeIDE\plugins\com.st.stm32cube.common.mx_6.14.0.202502271554\\db\/plugins/boardmanager/
2025-05-11 00:00:22,579 [WARN] ApiDb:259 - Overriding images path with different value:  => C:\ST\STM32CubeIDE_1.18.0\STM32CubeIDE\plugins\com.st.stm32cube.common.mx_6.14.0.202502271554\\db\/plugins/mcufinder/images/
2025-05-11 00:00:22,728 [INFO] ApiDb:250 - Set database path to: C:\Users\Hikar\.stmcufinder\plugins\mcufinder//mcu/
2025-05-11 00:00:22,732 [INFO] DbMcusAds:125 - Set database path to: C:\Users\Hikar\.stmcufinder\plugins\mcufinder//mcu/
2025-05-11 00:00:22,740 [INFO] CrossReferenceDbSqlite:203 - Set database path to: C:\Users\Hikar\.stmcufinder\plugins\mcufinder//mcu/cs/
2025-05-11 00:00:23,075 [INFO] RulesReader:64 - Compatibility file has been processed (301 Rules)
2025-05-11 00:00:23,515 [INFO] DbMcusXml:78 - Set database path to: C:\ST\STM32CubeIDE_1.18.0\STM32CubeIDE\plugins\com.st.stm32cube.common.mx_6.14.0.202502271554\\db\/mcu/
2025-05-11 00:00:23,516 [INFO] ApiDb:274 - Set plugin database path to: C:\ST\STM32CubeIDE_1.18.0\STM32CubeIDE\plugins\com.st.stm32cube.common.mx_6.14.0.202502271554\\db\/plugins/boardmanager/
2025-05-11 00:00:23,516 [INFO] ApiDb:261 - Set plugin images path to: C:\ST\STM32CubeIDE_1.18.0\STM32CubeIDE\plugins\com.st.stm32cube.common.mx_6.14.0.202502271554\\db\/plugins/mcufinder/images/
2025-05-11 00:00:23,517 [WARN] DbFile:41 - Overriding database path with different value: C:\Users\Hikar\.stmcufinder\plugins\mcufinder/ => C:\Users\Hikar\.stmcufinder\plugins\mcufinder
2025-05-11 00:00:23,517 [INFO] ApiDb:250 - Set database path to: C:\Users\Hikar\.stmcufinder\plugins\mcufinder//mcu/
2025-05-11 00:00:23,517 [WARN] DbFile:41 - Overriding database path with different value: C:\Users\Hikar\.stmcufinder\plugins\mcufinder/ => C:\Users\Hikar\.stmcufinder\plugins\mcufinder
2025-05-11 00:00:23,517 [INFO] DbMcusAds:125 - Set database path to: C:\Users\Hikar\.stmcufinder\plugins\mcufinder//mcu/
2025-05-11 00:00:23,518 [WARN] DbFile:41 - Overriding database path with different value: C:\Users\Hikar\.stmcufinder\plugins\mcufinder/ => C:\Users\Hikar\.stmcufinder\plugins\mcufinder
2025-05-11 00:00:23,518 [WARN] DbFile:41 - Overriding database path with different value: C:\Users\Hikar\.stmcufinder\plugins\mcufinder/ => C:\Users\Hikar\.stmcufinder\plugins\mcufinder
2025-05-11 00:00:23,518 [INFO] CrossReferenceDbSqlite:203 - Set database path to: C:\Users\Hikar\.stmcufinder\plugins\mcufinder//mcu/cs/
2025-05-11 00:00:24,041 [INFO] MainPanel:272 - HeapMemory: 268435456
2025-05-11 00:00:24,697 [INFO] DbMcusXml:78 - Set database path to: C:\ST\STM32CubeIDE_1.18.0\STM32CubeIDE\plugins\com.st.stm32cube.common.mx_6.14.0.202502271554\\db\/mcu/
2025-05-11 00:00:24,697 [INFO] ApiDb:274 - Set plugin database path to: C:\ST\STM32CubeIDE_1.18.0\STM32CubeIDE\plugins\com.st.stm32cube.common.mx_6.14.0.202502271554\\db\/plugins/boardmanager/
2025-05-11 00:00:24,697 [INFO] ApiDb:261 - Set plugin images path to: C:\ST\STM32CubeIDE_1.18.0\STM32CubeIDE\plugins\com.st.stm32cube.common.mx_6.14.0.202502271554\\db\/plugins/mcufinder/images/
2025-05-11 00:00:24,698 [WARN] DbFile:41 - Overriding database path with different value: C:\Users\Hikar\.stmcufinder\plugins\mcufinder/ => C:\Users\Hikar\.stmcufinder\plugins\mcufinder
2025-05-11 00:00:24,699 [INFO] ApiDb:250 - Set database path to: C:\Users\Hikar\.stmcufinder\plugins\mcufinder//mcu/
2025-05-11 00:00:24,699 [WARN] DbFile:41 - Overriding database path with different value: C:\Users\Hikar\.stmcufinder\plugins\mcufinder/ => C:\Users\Hikar\.stmcufinder\plugins\mcufinder
2025-05-11 00:00:24,700 [INFO] DbMcusAds:125 - Set database path to: C:\Users\Hikar\.stmcufinder\plugins\mcufinder//mcu/
2025-05-11 00:00:24,700 [WARN] DbFile:41 - Overriding database path with different value: C:\Users\Hikar\.stmcufinder\plugins\mcufinder/ => C:\Users\Hikar\.stmcufinder\plugins\mcufinder
2025-05-11 00:00:24,700 [WARN] DbFile:41 - Overriding database path with different value: C:\Users\Hikar\.stmcufinder\plugins\mcufinder/ => C:\Users\Hikar\.stmcufinder\plugins\mcufinder
2025-05-11 00:00:24,700 [INFO] CrossReferenceDbSqlite:203 - Set database path to: C:\Users\Hikar\.stmcufinder\plugins\mcufinder//mcu/cs/
2025-05-11 00:00:24,840 [INFO] ApplicationProperties:184 - Using Application install path: C:\ST\STM32CubeIDE_1.18.0\STM32CubeIDE\plugins\com.st.stm32cube.common.mx_6.14.0.202502271554
2025-05-11 00:00:24,845 [INFO] PluginManage:196 - Search for loadable plugins [exclusion list=, ]
2025-05-11 00:00:24,851 [INFO] PluginManage:310 - Check plugin analytics
2025-05-11 00:00:25,500 [INFO] AnalyticsPlugin:253 - Accepted Software Licenses: 
2025-05-11 00:00:25,501 [INFO] AnalyticsPlugin:255 - Accepted CMSIS Pack Licenses: 
2025-05-11 00:00:25,502 [INFO] AnalyticsPlugin:257 - Accepted Firmware Licenses: 
2025-05-11 00:00:25,518 [INFO] PluginManage:359 - Loaded plugin analytics (category:tool,tabindex:-1)
2025-05-11 00:00:25,521 [INFO] PluginManage:310 - Check plugin cadmodel
2025-05-11 00:00:25,562 [INFO] CADModel:105 - Init CAD model plugin
2025-05-11 00:00:25,562 [INFO] PluginManage:359 - Loaded plugin cadmodel (category:power,tabindex:5)
2025-05-11 00:00:25,563 [INFO] PluginManage:310 - Check plugin clock
2025-05-11 00:00:25,622 [INFO] PluginManage:359 - Loaded plugin clock (category:base,tabindex:2)
2025-05-11 00:00:25,623 [INFO] PluginManage:310 - Check plugin ddr
2025-05-11 00:00:25,653 [INFO] PluginManage:359 - Loaded plugin ddr (category:tool,tabindex:6)
2025-05-11 00:00:25,654 [INFO] PluginManage:310 - Check plugin filemanager
2025-05-11 00:00:26,297 [INFO] PluginManage:359 - Loaded plugin filemanager (category:base,tabindex:10)
2025-05-11 00:00:26,298 [INFO] PluginManage:310 - Check plugin ipmanager
2025-05-11 00:00:26,332 [INFO] PluginManage:359 - Loaded plugin ipmanager (category:base,tabindex:5)
2025-05-11 00:00:26,332 [INFO] PluginManage:310 - Check plugin lpbam
2025-05-11 00:00:26,389 [INFO] PluginManage:359 - Loaded plugin lpbam (category:base,tabindex:0)
2025-05-11 00:00:26,389 [INFO] PluginManage:310 - Check plugin memorymap
2025-05-11 00:00:26,465 [INFO] PluginManage:359 - Loaded plugin memorymap (category:base,tabindex:4)
2025-05-11 00:00:26,466 [INFO] PluginManage:310 - Check plugin pinoutandconfiguration
2025-05-11 00:00:26,524 [INFO] PluginManage:359 - Loaded plugin pinoutandconfiguration (category:base,tabindex:1)
2025-05-11 00:00:26,524 [INFO] PluginManage:310 - Check plugin pinoutconfig
2025-05-11 00:00:26,890 [WARN] SupportedApi:132 - Cannot load RTOS API schema: s4s-elt-must-match.1: The content of 'definitions' must match (annotation?, (simpleType | complexType)?, (unique | key | keyref)*)). A problem was found starting at: attribute.
2025-05-11 00:00:27,452 [INFO] PluginManage:359 - Loaded plugin pinoutconfig (category:base,tabindex:0)
2025-05-11 00:00:27,453 [INFO] PluginManage:310 - Check plugin power
2025-05-11 00:00:27,556 [INFO] PluginManage:359 - Loaded plugin power (category:power,tabindex:4)
2025-05-11 00:00:27,556 [INFO] PluginManage:310 - Check plugin projectmanager
2025-05-11 00:00:27,613 [INFO] PluginManage:359 - Loaded plugin projectmanager (category:projectmanager,tabindex:4)
2025-05-11 00:00:27,614 [INFO] PluginManage:310 - Check plugin rif
2025-05-11 00:00:27,682 [INFO] PluginManage:359 - Loaded plugin rif (category:base,tabindex:3)
2025-05-11 00:00:27,683 [INFO] PluginManage:310 - Check plugin thirdparty
2025-05-11 00:00:28,489 [WARN] IntegrityCheckThread:84 - waiting for thirdparty lock release [integrity check]
2025-05-11 00:00:28,490 [INFO] PluginManage:359 - Loaded plugin thirdparty (category:base,tabindex:-1)
2025-05-11 00:00:28,490 [INFO] IntegrityCheckThread:86 - entering critical section [integrity check]
2025-05-11 00:00:28,491 [INFO] PluginManage:310 - Check plugin tools
2025-05-11 00:00:28,491 [INFO] ThirdPartyUpdaterWithRetryManager:70 - Updater plugin not ready yet. [1/15]
2025-05-11 00:00:28,510 [INFO] PluginManage:359 - Loaded plugin tools (category:base,tabindex:7)
2025-05-11 00:00:28,510 [INFO] PluginManage:310 - Check plugin tutovideos
2025-05-11 00:00:29,276 [INFO] PluginManage:359 - Loaded plugin tutovideos (category:base,tabindex:-1)
2025-05-11 00:00:29,277 [INFO] PluginManage:310 - Check plugin updater
2025-05-11 00:00:29,353 [INFO] PluginManage:359 - Loaded plugin updater (category:base,tabindex:12)
2025-05-11 00:00:29,354 [INFO] PluginManage:310 - Check plugin userauth
2025-05-11 00:00:29,392 [INFO] UserAuth:118 - Init User Auth plugin
2025-05-11 00:00:29,395 [INFO] PluginManage:359 - Loaded plugin userauth (category:base,tabindex:14)
2025-05-11 00:00:29,397 [INFO] PluginManage:283 - PluginManage : Loaded plugins [18]
2025-05-11 00:00:30,456 [INFO] PinOutPanel:1589 - setPackage(No Configuration,No Configuration)
2025-05-11 00:00:30,768 [INFO] CADModel:165 - CPN selected for project level
2025-05-11 00:00:30,769 [INFO] CADModel:114 - Register for checkConnection events
2025-05-11 00:00:30,868 [INFO] IPUIPlugin:80 - create IPUIPlugin
2025-05-11 00:00:30,868 [INFO] PluginManager:220 - loadIPPluginJar : add adc
2025-05-11 00:00:30,913 [INFO] IPUIPlugin:80 - create IPUIPlugin
2025-05-11 00:00:30,913 [INFO] PluginManager:220 - loadIPPluginJar : add aes
2025-05-11 00:00:30,938 [INFO] IPUIPlugin:80 - create IPUIPlugin
2025-05-11 00:00:30,939 [INFO] PluginManager:220 - loadIPPluginJar : add can
2025-05-11 00:00:30,954 [INFO] IPUIPlugin:80 - create IPUIPlugin
2025-05-11 00:00:30,954 [INFO] PluginManager:220 - loadIPPluginJar : add comp
2025-05-11 00:00:30,989 [INFO] IPUIPlugin:80 - create IPUIPlugin
2025-05-11 00:00:30,990 [INFO] PluginManager:220 - loadIPPluginJar : add cryp
2025-05-11 00:00:31,063 [INFO] IPUIPlugin:80 - create IPUIPlugin
2025-05-11 00:00:31,063 [INFO] PluginManager:220 - loadIPPluginJar : add ddr_ctrl_phy
2025-05-11 00:00:31,088 [INFO] IPUIPlugin:80 - create IPUIPlugin
2025-05-11 00:00:31,089 [INFO] PluginManager:220 - loadIPPluginJar : add dfsdm
2025-05-11 00:00:31,132 [INFO] IPUIPlugin:80 - create IPUIPlugin
2025-05-11 00:00:31,133 [INFO] PluginManager:220 - loadIPPluginJar : add dma
2025-05-11 00:00:31,152 [INFO] IPUIPlugin:80 - create IPUIPlugin
2025-05-11 00:00:31,152 [INFO] PluginManager:220 - loadIPPluginJar : add dma3
2025-05-11 00:00:31,181 [INFO] IPUIPlugin:80 - create IPUIPlugin
2025-05-11 00:00:31,181 [INFO] PluginManager:220 - loadIPPluginJar : add extmemmanager
2025-05-11 00:00:31,188 [INFO] IPUIPlugin:80 - create IPUIPlugin
2025-05-11 00:00:31,188 [INFO] PluginManager:220 - loadIPPluginJar : add fatfs
2025-05-11 00:00:31,211 [INFO] IPUIPlugin:80 - create IPUIPlugin
2025-05-11 00:00:31,211 [INFO] PluginManager:220 - loadIPPluginJar : add fmc
2025-05-11 00:00:31,248 [INFO] IPUIPlugin:80 - create IPUIPlugin
2025-05-11 00:00:31,248 [INFO] PluginManager:220 - loadIPPluginJar : add freertos
2025-05-11 00:00:31,264 [INFO] IPUIPlugin:80 - create IPUIPlugin
2025-05-11 00:00:31,264 [INFO] PluginManager:220 - loadIPPluginJar : add genericplugin
2025-05-11 00:00:31,285 [INFO] IPUIPlugin:80 - create IPUIPlugin
2025-05-11 00:00:31,286 [INFO] PluginManager:220 - loadIPPluginJar : add gfxmmu
2025-05-11 00:00:31,319 [INFO] IPUIPlugin:80 - create IPUIPlugin
2025-05-11 00:00:31,319 [INFO] PluginManager:220 - loadIPPluginJar : add gic
2025-05-11 00:00:31,352 [INFO] IPUIPlugin:80 - create IPUIPlugin
2025-05-11 00:00:31,352 [INFO] PluginManager:220 - loadIPPluginJar : add gpio
2025-05-11 00:00:31,468 [INFO] IPUIPlugin:80 - create IPUIPlugin
2025-05-11 00:00:31,468 [INFO] PluginManager:220 - loadIPPluginJar : add gtzc
2025-05-11 00:00:31,492 [INFO] ThirdPartyUpdaterWithRetryManager:70 - Updater plugin not ready yet. [2/15]
2025-05-11 00:00:31,809 [INFO] IPUIPlugin:80 - create IPUIPlugin
2025-05-11 00:00:31,810 [INFO] PluginManager:220 - loadIPPluginJar : add hash
2025-05-11 00:00:31,967 [INFO] IPUIPlugin:80 - create IPUIPlugin
2025-05-11 00:00:31,968 [INFO] PluginManager:220 - loadIPPluginJar : add i2c
2025-05-11 00:00:31,995 [INFO] IPUIPlugin:80 - create IPUIPlugin
2025-05-11 00:00:31,996 [INFO] PluginManager:220 - loadIPPluginJar : add i2s
2025-05-11 00:00:32,040 [INFO] IPUIPlugin:80 - create IPUIPlugin
2025-05-11 00:00:32,041 [INFO] PluginManager:220 - loadIPPluginJar : add i3c
2025-05-11 00:00:32,063 [INFO] IPUIPlugin:80 - create IPUIPlugin
2025-05-11 00:00:32,064 [INFO] PluginManager:220 - loadIPPluginJar : add ipddr
2025-05-11 00:00:32,124 [INFO] IPUIPlugin:80 - create IPUIPlugin
2025-05-11 00:00:32,125 [INFO] PluginManager:220 - loadIPPluginJar : add linkedlist
2025-05-11 00:00:32,162 [INFO] IPUIPlugin:80 - create IPUIPlugin
2025-05-11 00:00:32,163 [INFO] PluginManager:220 - loadIPPluginJar : add lorawan
2025-05-11 00:00:32,214 [INFO] IPUIPlugin:80 - create IPUIPlugin
2025-05-11 00:00:32,217 [INFO] PluginManager:220 - loadIPPluginJar : add ltdc
2025-05-11 00:00:32,244 [INFO] IPUIPlugin:80 - create IPUIPlugin
2025-05-11 00:00:32,245 [INFO] PluginManager:220 - loadIPPluginJar : add mdma
2025-05-11 00:00:32,271 [INFO] IPUIPlugin:80 - create IPUIPlugin
2025-05-11 00:00:32,271 [INFO] PluginManager:220 - loadIPPluginJar : add nvic
2025-05-11 00:00:32,306 [INFO] IPUIPlugin:80 - create IPUIPlugin
2025-05-11 00:00:32,306 [INFO] PluginManager:220 - loadIPPluginJar : add opamp
2025-05-11 00:00:32,337 [INFO] IPUIPlugin:80 - create IPUIPlugin
2025-05-11 00:00:32,338 [INFO] PluginManager:220 - loadIPPluginJar : add openamp
2025-05-11 00:00:32,367 [INFO] IPUIPlugin:80 - create IPUIPlugin
2025-05-11 00:00:32,367 [INFO] PluginManager:220 - loadIPPluginJar : add pdm2pcm
2025-05-11 00:00:32,391 [INFO] IPUIPlugin:80 - create IPUIPlugin
2025-05-11 00:00:32,400 [INFO] PluginManager:220 - loadIPPluginJar : add plateformsettings
2025-05-11 00:00:32,411 [INFO] IPUIPlugin:80 - create IPUIPlugin
2025-05-11 00:00:32,411 [INFO] PluginManager:220 - loadIPPluginJar : add quadspi
2025-05-11 00:00:32,449 [INFO] IPUIPlugin:80 - create IPUIPlugin
2025-05-11 00:00:32,451 [INFO] PluginManager:220 - loadIPPluginJar : add radio
2025-05-11 00:00:32,498 [INFO] IPUIPlugin:80 - create IPUIPlugin
2025-05-11 00:00:32,499 [INFO] PluginManager:220 - loadIPPluginJar : add resmgrutility
2025-05-11 00:00:32,517 [INFO] IPUIPlugin:80 - create IPUIPlugin
2025-05-11 00:00:32,517 [INFO] PluginManager:220 - loadIPPluginJar : add sai
2025-05-11 00:00:32,540 [INFO] IPUIPlugin:80 - create IPUIPlugin
2025-05-11 00:00:32,540 [INFO] PluginManager:220 - loadIPPluginJar : add spi
2025-05-11 00:00:32,583 [INFO] IPUIPlugin:80 - create IPUIPlugin
2025-05-11 00:00:32,584 [INFO] PluginManager:220 - loadIPPluginJar : add stm32_wpan
2025-05-11 00:00:32,599 [INFO] IPUIPlugin:80 - create IPUIPlugin
2025-05-11 00:00:32,599 [INFO] PluginManager:220 - loadIPPluginJar : add tim
2025-05-11 00:00:32,609 [INFO] IPUIPlugin:80 - create IPUIPlugin
2025-05-11 00:00:32,610 [INFO] PluginManager:220 - loadIPPluginJar : add touchsensing
2025-05-11 00:00:32,631 [INFO] IPUIPlugin:80 - create IPUIPlugin
2025-05-11 00:00:32,632 [INFO] PluginManager:220 - loadIPPluginJar : add tracer_emb
2025-05-11 00:00:32,650 [INFO] IPUIPlugin:80 - create IPUIPlugin
2025-05-11 00:00:32,651 [INFO] PluginManager:220 - loadIPPluginJar : add ts
2025-05-11 00:00:32,671 [INFO] IPUIPlugin:80 - create IPUIPlugin
2025-05-11 00:00:32,671 [INFO] PluginManager:220 - loadIPPluginJar : add tsc
2025-05-11 00:00:32,677 [INFO] IPUIPlugin:80 - create IPUIPlugin
2025-05-11 00:00:32,678 [INFO] PluginManager:220 - loadIPPluginJar : add ucpd
2025-05-11 00:00:32,697 [INFO] IPUIPlugin:80 - create IPUIPlugin
2025-05-11 00:00:32,698 [INFO] PluginManager:220 - loadIPPluginJar : add usart
2025-05-11 00:00:32,814 [INFO] IPUIPlugin:80 - create IPUIPlugin
2025-05-11 00:00:32,815 [INFO] PluginManager:220 - loadIPPluginJar : add usbx
2025-05-11 00:00:33,126 [FATAL] Updater:351 - Updater called before beeing initialized
2025-05-11 00:00:33,239 [INFO] RulesReader:64 - Compatibility file has been processed (301 Rules)
2025-05-11 00:00:33,265 [INFO] RulesReader:64 - Compatibility file has been processed (301 Rules)
2025-05-11 00:00:33,295 [INFO] CADModel:165 - CPN selected for project level
2025-05-11 00:00:33,296 [INFO] CADModel:114 - Register for checkConnection events
2025-05-11 00:00:33,296 [FATAL] Updater:351 - Updater called before beeing initialized
2025-05-11 00:00:33,297 [ERROR] CADModel:125 - Updater not yet initialized, retry later 
2025-05-11 00:00:34,034 [FATAL] Updater:351 - Updater called before beeing initialized
2025-05-11 00:00:34,060 [INFO] CADModel:165 - CPN selected for project level
2025-05-11 00:00:34,060 [INFO] CADModel:114 - Register for checkConnection events
2025-05-11 00:00:34,060 [FATAL] Updater:351 - Updater called before beeing initialized
2025-05-11 00:00:34,060 [ERROR] CADModel:125 - Updater not yet initialized, retry later 
2025-05-11 00:00:34,070 [FATAL] Updater:351 - Updater called before beeing initialized
2025-05-11 00:00:34,497 [INFO] ThirdPartyUpdaterWithRetryManager:70 - Updater plugin not ready yet. [3/15]
2025-05-11 00:00:34,713 [FATAL] Updater:351 - Updater called before beeing initialized
2025-05-11 00:00:34,762 [INFO] DbMcusAds:53 - JSON generation date=Thu Mar 06 11:54:22 ART 2025 (1741272862078)
2025-05-11 00:00:34,763 [FATAL] Updater:351 - Updater called before beeing initialized
2025-05-11 00:00:35,009 [WARN] DetailPanel:346 - Failed to get advertising image, set to default
2025-05-11 00:00:35,604 [FATAL] Updater:351 - Updater called before beeing initialized
2025-05-11 00:00:35,608 [FATAL] Updater:351 - Updater called before beeing initialized
2025-05-11 00:00:35,608 [FATAL] Updater:351 - Updater called before beeing initialized
2025-05-11 00:00:35,608 [WARN] DetailPanel:346 - Failed to get advertising image, set to default
2025-05-11 00:00:35,610 [FATAL] Updater:351 - Updater called before beeing initialized
2025-05-11 00:00:35,856 [ERROR] Updater:1198 - MainUpdater not yet initialized. External WinMGr cannot be set.
2025-05-11 00:00:35,872 [INFO] Updater:1134 - Updater Version found : 6.14.0
2025-05-11 00:00:35,942 [INFO] ApplicationProperties:184 - Using Application install path: C:\ST\STM32CubeIDE_1.18.0\STM32CubeIDE\plugins\com.st.stm32cube.common.mx_6.14.0.202502271554
2025-05-11 00:00:37,499 [FATAL] Updater:351 - Updater called before beeing initialized
2025-05-11 00:00:37,500 [ERROR] IntegrityCheckThread:130 - Cannot retrieve database content from updater: error 21
2025-05-11 00:00:37,501 [INFO] ThirdParty:978 - Integrity check success = false
2025-05-11 00:00:37,501 [INFO] IntegrityCheckThread:100 - exiting critical section [integrity check]
2025-05-11 00:00:37,501 [INFO] IntegrityCheckThread:103 - End integrity checks thread
2025-05-11 00:00:37,585 [ERROR] LogOutputStream:75 - [STDERR_REDIRECT] May 11, 2025 12:00:37 AM java.util.prefs.WindowsPreferences <init>
2025-05-11 00:00:37,589 [ERROR] LogOutputStream:75 - [STDERR_REDIRECT] WARNING: Could not open/create prefs root node Software\JavaSoft\Prefs at root 0xffffffff80000002. Windows RegCreateKeyEx(...) returned error code 5.
2025-05-11 00:00:37,590 [ERROR] LogOutputStream:75 - [STDERR_REDIRECT] 
2025-05-11 00:00:39,075 [INFO] MainUpdater:2872 - connection check result : 10
2025-05-11 00:00:39,076 [INFO] MainUpdater:3566 - Updater definition file requires update
2025-05-11 00:00:39,080 [INFO] MainUpdater:289 - Updater Check For Update Now.
2025-05-11 00:00:39,081 [INFO] MicroXplorer:498 - Change Database Version : DB.6.0.140
2025-05-11 00:00:39,122 [INFO] McuFinderGlobals:63 - Set McuFinder mode to 2 (CubeIDE integrated)
2025-05-11 00:00:39,123 [INFO] UserAuth:171 - activating auth plugin
2025-05-11 00:00:39,142 [INFO] UserAuth:486 - Internet connection configuration mode: 1
2025-05-11 00:00:39,271 [INFO] JxBrowserEngine:152 - Initiate JxBrowser Engine with user profile folder
2025-05-11 00:00:40,676 [INFO] ServerAccessManage:473 - Download File updaters.zip
2025-05-11 00:00:41,081 [INFO] FileExtend:242 - Unzip File : updaters.zip
2025-05-11 00:00:41,082 [INFO] FileExtend:257 - Standard Zip Deflate
2025-05-11 00:00:51,632 [INFO] ServerAccessManage:473 - Download File PacksControlFlags.xml
2025-05-11 00:00:53,061 [INFO] ServerAccessManage:473 - Download File cubemx.pidx
2025-05-11 00:00:56,021 [INFO] WebApp:169 - Instantiating new browser for Auth
2025-05-11 00:01:01,845 [INFO] ServerAccessManage:473 - Download File STMicroelectronics.X-CUBE-FREERTOS.pdsc
2025-05-11 00:01:07,132 [INFO] WebApp:463 - Apply proxy settings
2025-05-11 00:01:07,133 [INFO] WebApp:548 - Chromium requires no authentication
2025-05-11 00:01:07,685 [INFO] WebApp:491 - Direct internet connection detected
2025-05-11 00:01:09,026 [INFO] WebApp:894 - Register for checkConnection events
2025-05-11 00:01:09,026 [INFO] WebApp:463 - Apply proxy settings
2025-05-11 00:01:09,027 [INFO] WebApp:548 - Chromium requires no authentication
2025-05-11 00:01:09,041 [INFO] WebApp:491 - Direct internet connection detected
2025-05-11 00:01:11,689 [INFO] WebApp:191 - Connection restablished
2025-05-11 00:01:12,176 [INFO] WebApp:225 - Starting web application
2025-05-11 00:01:12,177 [INFO] WebApp:593 - Web application path used C:\ST\STM32CubeIDE_1.18.0\STM32CubeIDE\plugins\com.st.stm32cube.common.mx_6.14.0.202502271554\db\plugins\mcufinder\reactClient1\index.html
2025-05-11 00:01:20,239 [INFO] CheckServerUpdateThread:120 - End of CheckServer Thread
2025-05-11 00:01:21,294 [WARN] PackLoader:240 - Cannot read IP mode file for STMicroelectronics.X-CUBE-FREERTOS.1.3.1
2025-05-11 00:01:21,302 [INFO] PopulateThirdPartyThread:66 - Ending populate Thread
2025-05-11 00:01:21,305 [INFO] ThirdParty:1030 - CMSIS Pack Vendor :STMicroelectronics X-CUBE-FREERTOS 1.3.1
2025-05-11 00:01:21,305 [INFO] LoadServerUpdatesThread:375 - End of LoadServerUpdate Thread
